This file contains any messages produced by compilers while
running configure, to aid debugging if configure makes a mistake.

It was created by tsunami configure 1.1b43, which was
generated by GNU Autoconf 2.69.  Invocation command line was

  $ ./configure 

## --------- ##
## Platform. ##
## --------- ##

hostname = hs
uname -m = x86_64
uname -r = 4.14.0-3-amd64
uname -s = Linux
uname -v = #1 SMP Debian 4.14.13-1 (2018-01-14)

/usr/bin/uname -p = unknown
/bin/uname -X     = unknown

/bin/arch              = unknown
/usr/bin/arch -k       = unknown
/usr/convex/getsysinfo = unknown
/usr/bin/hostinfo      = unknown
/bin/machine           = unknown
/usr/bin/oslevel       = unknown
/bin/universe          = unknown

PATH: /home/buu/bin
PATH: /usr/local/bin
PATH: /usr/bin
PATH: /bin
PATH: /usr/local/games
PATH: /usr/games


## ----------- ##
## Core tests. ##
## ----------- ##

configure:1911: checking for a BSD-compatible install
configure:1979: result: /usr/bin/install -c
configure:1990: checking whether build environment is sane
configure:2045: result: yes
configure:2196: checking for a thread-safe mkdir -p
configure:2235: result: /bin/mkdir -p
configure:2242: checking for gawk
configure:2258: found /usr/bin/gawk
configure:2269: result: gawk
configure:2280: checking whether make sets $(MAKE)
configure:2302: result: yes
configure:2331: checking whether make supports nested variables
configure:2348: result: yes
configure:2493: checking build system type
configure:2507: result: x86_64-pc-linux-gnu
configure:2527: checking host system type
configure:2540: result: x86_64-pc-linux-gnu
configure:2614: checking for gcc
configure:2630: found /usr/bin/gcc
configure:2641: result: gcc
configure:2870: checking for C compiler version
configure:2879: gcc --version >&5
gcc (Debian 7.3.0-3) 7.3.0
Copyright (C) 2017 Free Software Foundation, Inc.
This is free software; see the source for copying conditions.  There is NO
warranty; not even for MERCHANTABILITY or FITNESS FOR A PARTICULAR PURPOSE.

configure:2890: $? = 0
configure:2879: gcc -v >&5
Using built-in specs.
COLLECT_GCC=gcc
COLLECT_LTO_WRAPPER=/usr/lib/gcc/x86_64-linux-gnu/7/lto-wrapper
OFFLOAD_TARGET_NAMES=nvptx-none
OFFLOAD_TARGET_DEFAULT=1
Target: x86_64-linux-gnu
Configured with: ../src/configure -v --with-pkgversion='Debian 7.3.0-3' --with-bugurl=file:///usr/share/doc/gcc-7/README.Bugs --enable-languages=c,ada,c++,go,brig,d,fortran,objc,obj-c++ --prefix=/usr --with-gcc-major-version-only --program-suffix=-7 --program-prefix=x86_64-linux-gnu- --enable-shared --enable-linker-build-id --libexecdir=/usr/lib --without-included-gettext --enable-threads=posix --libdir=/usr/lib --enable-nls --with-sysroot=/ --enable-clocale=gnu --enable-libstdcxx-debug --enable-libstdcxx-time=yes --with-default-libstdcxx-abi=new --enable-gnu-unique-object --disable-vtable-verify --enable-libmpx --enable-plugin --enable-default-pie --with-system-zlib --with-target-system-zlib --enable-objc-gc=auto --enable-multiarch --disable-werror --with-arch-32=i686 --with-abi=m64 --with-multilib-list=m32,m64,mx32 --enable-multilib --with-tune=generic --enable-offload-targets=nvptx-none --without-cuda-driver --enable-checking=release --build=x86_64-linux-gnu --host=x86_64-linux-gnu --target=x86_64-linux-gnu
Thread model: posix
gcc version 7.3.0 (Debian 7.3.0-3) 
configure:2890: $? = 0
configure:2879: gcc -V >&5
gcc: error: unrecognized command line option '-V'
gcc: fatal error: no input files
compilation terminated.
configure:2890: $? = 1
configure:2879: gcc -qversion >&5
gcc: error: unrecognized command line option '-qversion'; did you mean '--version'?
gcc: fatal error: no input files
compilation terminated.
configure:2890: $? = 1
configure:2910: checking whether the C compiler works
configure:2932: gcc    conftest.c  >&5
configure:2936: $? = 0
configure:2984: result: yes
configure:2987: checking for C compiler default output file name
configure:2989: result: a.out
configure:2995: checking for suffix of executables
configure:3002: gcc -o conftest    conftest.c  >&5
configure:3006: $? = 0
configure:3028: result: 
configure:3050: checking whether we are cross compiling
configure:3058: gcc -o conftest    conftest.c  >&5
configure:3062: $? = 0
configure:3069: ./conftest
configure:3073: $? = 0
configure:3088: result: no
configure:3093: checking for suffix of object files
configure:3115: gcc -c   conftest.c >&5
configure:3119: $? = 0
configure:3140: result: o
configure:3144: checking whether we are using the GNU C compiler
configure:3163: gcc -c   conftest.c >&5
configure:3163: $? = 0
configure:3172: result: yes
configure:3181: checking whether gcc accepts -g
configure:3201: gcc -c -g  conftest.c >&5
configure:3201: $? = 0
configure:3242: result: yes
configure:3259: checking for gcc option to accept ISO C89
configure:3322: gcc  -c -g -O2  conftest.c >&5
configure:3322: $? = 0
configure:3335: result: none needed
configure:3360: checking whether gcc understands -c and -o together
configure:3382: gcc -c conftest.c -o conftest2.o
configure:3385: $? = 0
configure:3382: gcc -c conftest.c -o conftest2.o
configure:3385: $? = 0
configure:3397: result: yes
configure:3425: checking for style of include used by make
configure:3453: result: GNU
configure:3479: checking dependency style of gcc
configure:3590: result: gcc3
configure:3658: checking for ranlib
configure:3674: found /usr/bin/ranlib
configure:3685: result: ranlib
configure:3733: checking for main in -lpthread
configure:3752: gcc -o conftest  -g -Wall -O3 -D_GNU_SOURCE -D_FILE_OFFSET_BITS=64   conftest.c -lpthread   >&5
configure:3752: $? = 0
configure:3761: result: yes
configure:3893: checking that generated files are newer than configure
configure:3899: result: done
configure:3922: creating ./config.status

## ---------------------- ##
## Running config.status. ##
## ---------------------- ##

This file was extended by tsunami config.status 1.1b43, which was
generated by GNU Autoconf 2.69.  Invocation command line was

  CONFIG_FILES    = 
  CONFIG_HEADERS  = 
  CONFIG_LINKS    = 
  CONFIG_COMMANDS = 
  $ ./config.status 

on hs

config.status:859: creating Makefile
config.status:859: creating tsunami.spec
config.status:859: creating client/Makefile
config.status:859: creating rtclient/Makefile
config.status:859: creating common/Makefile
config.status:859: creating include/Makefile
config.status:859: creating server/Makefile
config.status:859: creating rtserver/Makefile
config.status:859: creating util/Makefile
config.status:859: creating config.h
config.status:1088: executing depfiles commands

## ---------------- ##
## Cache variables. ##
## ---------------- ##

ac_cv_build=x86_64-pc-linux-gnu
ac_cv_c_compiler_gnu=yes
ac_cv_env_CC_set=
ac_cv_env_CC_value=
ac_cv_env_CFLAGS_set=
ac_cv_env_CFLAGS_value=
ac_cv_env_CPPFLAGS_set=
ac_cv_env_CPPFLAGS_value=
ac_cv_env_LDFLAGS_set=
ac_cv_env_LDFLAGS_value=
ac_cv_env_LIBS_set=
ac_cv_env_LIBS_value=
ac_cv_env_build_alias_set=
ac_cv_env_build_alias_value=
ac_cv_env_host_alias_set=
ac_cv_env_host_alias_value=
ac_cv_env_target_alias_set=
ac_cv_env_target_alias_value=
ac_cv_host=x86_64-pc-linux-gnu
ac_cv_lib_pthread_main=yes
ac_cv_objext=o
ac_cv_path_install='/usr/bin/install -c'
ac_cv_path_mkdir=/bin/mkdir
ac_cv_prog_AWK=gawk
ac_cv_prog_ac_ct_CC=gcc
ac_cv_prog_ac_ct_RANLIB=ranlib
ac_cv_prog_cc_c89=
ac_cv_prog_cc_g=yes
ac_cv_prog_make_make_set=yes
am_cv_CC_dependencies_compiler_type=gcc3
am_cv_make_support_nested_variables=yes
am_cv_prog_cc_c_o=yes

## ----------------- ##
## Output variables. ##
## ----------------- ##

ACLOCAL='${SHELL} /home/buu/dev/tsunami-udp/missing aclocal-1.15'
AMDEPBACKSLASH='\'
AMDEP_FALSE='#'
AMDEP_TRUE=''
AMTAR='$${TAR-tar}'
AM_BACKSLASH='\'
AM_DEFAULT_V='$(AM_DEFAULT_VERBOSITY)'
AM_DEFAULT_VERBOSITY='1'
AM_V='$(V)'
AUTOCONF='${SHELL} /home/buu/dev/tsunami-udp/missing autoconf'
AUTOHEADER='${SHELL} /home/buu/dev/tsunami-udp/missing autoheader'
AUTOMAKE='${SHELL} /home/buu/dev/tsunami-udp/missing automake-1.15'
AWK='gawk'
CC='gcc'
CCDEPMODE='depmode=gcc3'
CFLAGS=' -g -Wall -O3 -D_GNU_SOURCE -D_FILE_OFFSET_BITS=64'
CLEANFILES='*~'
CPPFLAGS=''
CYGPATH_W='echo'
DEFS='-DHAVE_CONFIG_H'
DEPDIR='.deps'
ECHO_C=''
ECHO_N='-n'
ECHO_T=''
EXEEXT=''
INSTALL_DATA='${INSTALL} -m 644'
INSTALL_PROGRAM='${INSTALL}'
INSTALL_SCRIPT='${INSTALL}'
INSTALL_STRIP_PROGRAM='$(install_sh) -c -s'
LDFLAGS=''
LIBOBJS=''
LIBS=''
LTLIBOBJS=''
MAKEINFO='${SHELL} /home/buu/dev/tsunami-udp/missing makeinfo'
MKDIR_P='/bin/mkdir -p'
OBJEXT='o'
PACKAGE='tsunami'
PACKAGE_BUGREPORT=''
PACKAGE_NAME='tsunami'
PACKAGE_STRING='tsunami 1.1b43'
PACKAGE_TARNAME='tsunami'
PACKAGE_URL=''
PACKAGE_VERSION='1.1b43'
PATH_SEPARATOR=':'
RANLIB='ranlib'
SET_MAKE=''
SHELL='/bin/bash'
STRIP=''
VERSION='1.1b43'
ac_ct_CC='gcc'
am__EXEEXT_FALSE=''
am__EXEEXT_TRUE='#'
am__fastdepCC_FALSE='#'
am__fastdepCC_TRUE=''
am__include='include'
am__isrc=''
am__leading_dot='.'
am__nodep='_no'
am__quote=''
am__tar='$${TAR-tar} chof - "$$tardir"'
am__untar='$${TAR-tar} xf -'
bindir='${exec_prefix}/bin'
build='x86_64-pc-linux-gnu'
build_alias=''
build_cpu='x86_64'
build_os='linux-gnu'
build_vendor='pc'
datadir='${datarootdir}'
datarootdir='${prefix}/share'
docdir='${datarootdir}/doc/${PACKAGE_TARNAME}'
dvidir='${docdir}'
exec_prefix='${prefix}'
host='x86_64-pc-linux-gnu'
host_alias=''
host_cpu='x86_64'
host_os='linux-gnu'
host_vendor='pc'
htmldir='${docdir}'
includedir='${prefix}/include'
infodir='${datarootdir}/info'
install_sh='${SHELL} /home/buu/dev/tsunami-udp/install-sh'
libdir='${exec_prefix}/lib'
libexecdir='${exec_prefix}/libexec'
localedir='${datarootdir}/locale'
localstatedir='${prefix}/var'
mandir='${datarootdir}/man'
mkdir_p='$(MKDIR_P)'
oldincludedir='/usr/include'
pdfdir='${docdir}'
prefix='/usr/local'
program_transform_name='s,x,x,'
psdir='${docdir}'
runstatedir='${localstatedir}/run'
sbindir='${exec_prefix}/sbin'
sharedstatedir='${prefix}/com'
sysconfdir='${prefix}/etc'
target_alias=''
version='1.1b43'

## ----------- ##
## confdefs.h. ##
## ----------- ##

/* confdefs.h */
#define PACKAGE_NAME "tsunami"
#define PACKAGE_TARNAME "tsunami"
#define PACKAGE_VERSION "1.1b43"
#define PACKAGE_STRING "tsunami 1.1b43"
#define PACKAGE_BUGREPORT ""
#define PACKAGE_URL ""
#define PACKAGE "tsunami"
#define VERSION "1.1b43"

configure: exit 0
